<?xml version="1.0" encoding="UTF-8"?>
<!-- Generated by org.testng.reporters.JUnitReportReporter -->
<testsuite hostname="GLUO-QA--Saurabh-Jain" name="com.org.InforcePro.brokerui.testcases.TC002_Search" tests="1" failures="0" timestamp="15 May 2016 18:21:35 GMT" time="32.820" errors="0">
  <testcase name="test" time="32.820" classname="com.org.InforcePro.brokerui.testcases.TC002_Search"/>
</testsuite> <!-- com.org.InforcePro.brokerui.testcases.TC002_Search -->
